INFO: [SIM 2] *************** CSIM start ***************
INFO: [SIM 4] CSIM will launch GCC as the compiler.
   Compiling ../../../../kth_search_test.cpp in debug mode
   Compiling ../../../../kth_search.cpp in debug mode
   Generating csim.exe
input: 3 1 2
input: 0 3 0
input: 1 2 4
input: 1 2 2
input: 0 4 3
input: 1 0 1
input: 2 1 1
input: 3 2 4
input: 2 0 2
input: 3 2 0
input: 4 2 2
input: 3 4 2
input: 3 1 1
input: 2 4 3
input: 1 4 4
input: 2 3 4
input: 0 0 3
input: 1 1 0
input: 1 3 2
input: 0 1 1
input: 0 0 4
input: 2 1 0
input: 1 4 3
input: 2 4 0
input: 2 0 4
input: 2 4 4
input: 3 0 2
input: 3 1 3
input: 3 4 3
input: 1 4 4
input: 2 0 1
input: 3 4 2
input: 1 1 4
input: 4 0 0
input: 4 3 2
input: 1 2 2
input: 2 2 2
input: 1 1 0
input: 1 1 0
input: 4 4 4
input: 0 4 1
input: 2 2 1
input: 1 0 4
input: 2 2 1
input: 2 3 1
input: 0 1 3
input: 4 4 3
input: 1 2 4
input: 3 4 0
input: 3 3 0
input: 0 4 1
input: 3 3 0
input: 1 1 1
input: 0 4 3
input: 4 3 1
input: 0 3 0
input: 4 4 4
input: 4 2 1
input: 3 1 2
input: 0 4 1
input: 2 1 2
input: 3 0 2
input: 4 1 3
input: 0 4 2
input: 0 3 3
input: 3 3 1
input: 3 4 1
input: 4 3 3
input: 3 3 1
input: 0 4 3
input: 3 3 4
input: 2 2 1
input: 4 3 0
input: 3 0 4
input: 2 0 4
input: 0 0 4
input: 4 1 4
input: 2 2 4
input: 2 2 0
input: 4 3 1
input: 2 3 4
input: 3 1 3
input: 0 2 1
input: 0 0 1
input: 1 0 3
input: 0 0 1
input: 4 1 2
input: 0 3 1
input: 2 3 4
input: 2 2 4
input: 0 1 2
input: 4 4 0
input: 3 1 3
input: 1 1 0
input: 3 4 0
input: 3 4 1
input: 4 1 4
input: 3 3 3
input: 0 0 1
input: 1 4 0
query: 0 0 0
nearest point <0, 0, 1>
INFO: [SIM 1] CSim done with 0 errors.
INFO: [SIM 3] *************** CSIM finish ***************
